<beans xmlns="http://www.springframework.org/schema/beans"
	xmlns:xsi="http://www.w3.org/2001/XMLSchema-instance" xmlns:context="http://www.springframework.org/schema/context"
	xsi:schemaLocation="http://www.springframework.org/schema/beans
	http://www.springframework.org/schema/beans/spring-beans-4.0.xsd
	http://www.springframework.org/schema/context
	http://www.springframework.org/schema/context/spring-context-4.0.xsd">
	<context:property-placeholder location="classpath:database.properties" />
	<context:component-scan base-package="com.excilys.computer_database.persistence.dao" />
	<context:component-scan base-package="com.excilys.computer_database.service" />
	<context:component-scan base-package="com.excilys.computer_database.persistence.model.mapper" />

	<!-- dataSource configuration -->
	<bean id="dataSource" class="org.springframework.jdbc.datasource.DriverManagerDataSource">
		<property name="driverClassName" value="com.mysql.jdbc.Driver" />
		<property name="url" value="${datasource.url}" />
		<property name="username" value="${datasource.username}" />
		<property name="password" value="${datasource.password}" />
	</bean>
	
	<!-- JdbcTemplate to use in DAOs -->
	<bean id="jdbcTemplate" class="org.springframework.jdbc.core.JdbcTemplate">
	    <property name="dataSource" ref="dataSource"/>
	</bean>
	
	<!-- MessageSource for localization -->
	<bean id="messageSource"
		class="org.springframework.context.support.ReloadableResourceBundleMessageSource">
		<property name="basenames" value="classpath:messages/message" />
		<property name="defaultEncoding" value="ISO-8859-1" />
	</bean>
	
	<bean id="localeResolver"
		class="org.springframework.web.servlet.i18n.SessionLocaleResolver">
		<property name="defaultLocale" value="en"></property>
	</bean>
</beans>