<beans xmlns="http://www.springframework.org/schema/beans"
	xmlns:xsi="http://www.w3.org/2001/XMLSchema-instance" xmlns:context="http://www.springframework.org/schema/context"
	xsi:schemaLocation="http://www.springframework.org/schema/beans
	http://www.springframework.org/schema/beans/spring-beans-4.0.xsd
	http://www.springframework.org/schema/context
	http://www.springframework.org/schema/context/spring-context-4.0.xsd">

	<!-- Package scanning -->
	<context:component-scan base-package="com.excilys.computer_database.services" />
	<context:component-scan base-package="com.excilys.computer_database.dao" />
	
	<!-- Enable dao mocking by using custom bean factory -->
	<bean id="computerDAOImpl" name="mockComputerDao" class="com.excilys.computer_database.utils.MockitoFactoryBean">
		<constructor-arg name="classToBeMocked" value="com.excilys.computer_database.dao.impl.ComputerDAOImpl" />
	</bean>

	<bean id="companyDAOImpl" name="mockCompanyDao" class="com.excilys.computer_database.utils.MockitoFactoryBean">
		<constructor-arg name="classToBeMocked" value="com.excilys.computer_database.dao.impl.CompanyDAOImpl" />
	</bean>
</beans>